07:51:49 [INFO] starting tacky-borders
07:51:50 [INFO] generating default config in C:\Users\myles\.config\tacky-borders
07:51:50 [ERROR] could not set window position for HWND(0x40eae): Access is denied. (0x80070005)
07:51:50 [ERROR] could not set window position for HWND(0x40eae): Access is denied. (0x80070005)
07:51:54 [INFO] border is disabled for HWND(0x90e30)
07:51:57 [INFO] border is disabled for HWND(0xa0e30)
07:52:00 [INFO] border is disabled for HWND(0xd0edc)
07:52:02 [INFO] border is disabled for HWND(0xe0edc)
07:52:04 [INFO] border is disabled for HWND(0xf0edc)
07:52:24 [INFO] border is disabled for HWND(0x110a34)
07:52:40 [INFO] border is disabled for HWND(0x40e90)
07:52:41 [INFO] border is disabled for HWND(0x50e90)
07:52:50 [INFO] border is disabled for HWND(0x1b0dd6)
07:52:52 [INFO] border is disabled for HWND(0x1205da)
07:52:53 [INFO] border is disabled for HWND(0x1205da)
07:52:54 [INFO] border is disabled for HWND(0x1205da)
07:52:55 [INFO] border is disabled for HWND(0x1205da)
07:53:03 [INFO] border is disabled for HWND(0x1205da)
07:53:04 [INFO] border is disabled for HWND(0x1205da)
07:53:08 [INFO] border is disabled for HWND(0x1205da)
07:53:09 [INFO] border is disabled for HWND(0x1205da)
07:53:11 [INFO] border is disabled for HWND(0x1205da)
07:53:34 [INFO] border is disabled for HWND(0x1205da)
07:53:58 [INFO] config.yaml has changed; reloading borders
07:53:58 [ERROR] could not get dpi for HMONITOR(0x0): The handle is invalid. (0x80070006)
07:53:59 [INFO] border is disabled for HWND(0x1205da)
07:54:04 [INFO] border is disabled for HWND(0x1205da)
07:54:23 [INFO] border is disabled for HWND(0x1205da)
07:54:36 [INFO] border is disabled for HWND(0x1205da)
07:54:39 [INFO] border is disabled for HWND(0x1205da)
07:54:40 [INFO] border is disabled for HWND(0x1205da)
07:54:45 [INFO] border is disabled for HWND(0x1205da)
07:54:46 [INFO] border is disabled for HWND(0x1205da)
07:54:50 [INFO] config.yaml has changed; reloading borders
07:54:50 [ERROR] could not retrieve window process name for HWND(0x1d0d98): could not get thread and process id for HWND(0x1d0d98): WIN32_ERROR(1400)
07:54:50 [ERROR] could not get dpi for HMONITOR(0x0): The handle is invalid. (0x80070006)
07:54:55 [INFO] border is disabled for HWND(0x1205da)
07:54:57 [INFO] border is disabled for HWND(0x1205da)
07:54:58 [INFO] border is disabled for HWND(0x1205da)
07:55:00 [INFO] border is disabled for HWND(0x1205da)
07:55:08 [INFO] border is disabled for HWND(0x1205da)
07:55:09 [INFO] border is disabled for HWND(0x1205da)
07:55:11 [INFO] border is disabled for HWND(0x1205da)
07:55:15 [INFO] border is disabled for HWND(0x1205da)
07:55:16 [INFO] border is disabled for HWND(0x1205da)
07:55:24 [INFO] border is disabled for HWND(0x1205da)
07:55:28 [INFO] config.yaml has changed; reloading borders
07:55:28 [ERROR] could not get dpi for HMONITOR(0x0): The handle is invalid. (0x80070006)
07:55:30 [INFO] border is disabled for HWND(0x1205da)
07:56:04 [INFO] border is disabled for HWND(0x1205da)
07:56:05 [INFO] border is disabled for HWND(0x1205da)
07:56:12 [INFO] border is disabled for HWND(0x1205da)
07:56:13 [INFO] border is disabled for HWND(0x1205da)
07:56:15 [INFO] border is disabled for HWND(0x1205da)
07:56:15 [INFO] border is disabled for HWND(0x1205da)
07:56:16 [INFO] border is disabled for HWND(0x1205da)
07:56:40 [INFO] config.yaml has changed; reloading borders
07:56:40 [ERROR] could not get dpi for HMONITOR(0x0): The handle is invalid. (0x80070006)
07:56:42 [INFO] border is disabled for HWND(0x1205da)
07:57:13 [INFO] border is disabled for HWND(0x1205da)
07:57:15 [INFO] border is disabled for HWND(0x1205da)
07:57:19 [INFO] border is disabled for HWND(0x1205da)
07:57:25 [INFO] border is disabled for HWND(0x1205da)
07:57:26 [INFO] border is disabled for HWND(0x1205da)
07:57:27 [INFO] border is disabled for HWND(0x1205da)
07:57:28 [INFO] border is disabled for HWND(0x1205da)
07:57:34 [INFO] border is disabled for HWND(0x1205da)
08:11:48 [INFO] border is disabled for HWND(0x1205da)
08:11:51 [INFO] border is disabled for HWND(0x1205da)
08:11:52 [INFO] border is disabled for HWND(0x80ea0)
08:11:53 [INFO] border is disabled for HWND(0x1205da)
08:11:59 [INFO] border is disabled for HWND(0x1205da)
08:12:00 [INFO] border is disabled for HWND(0x1205da)
08:12:08 [INFO] border is disabled for HWND(0x1205da)
08:12:09 [INFO] border is disabled for HWND(0xc0e2e)
08:12:10 [INFO] border is disabled for HWND(0x1205da)
08:12:16 [INFO] border is disabled for HWND(0x1205da)
08:12:24 [INFO] border is disabled for HWND(0x1205da)
08:12:34 [INFO] border is disabled for HWND(0x1205da)
08:12:52 [INFO] border is disabled for HWND(0xd0e56)
08:12:54 [INFO] border is disabled for HWND(0xe0e56)
08:12:54 [INFO] border is disabled for HWND(0x1205da)
08:12:55 [INFO] border is disabled for HWND(0x1205da)
08:13:02 [INFO] border is disabled for HWND(0xf0e56)
08:13:03 [INFO] border is disabled for HWND(0x1205da)
08:13:07 [INFO] border is disabled for HWND(0x1205da)
08:13:43 [INFO] border is disabled for HWND(0x1205da)
08:13:46 [INFO] border is disabled for HWND(0x1205da)
08:14:28 [INFO] border is disabled for HWND(0x1205da)
08:14:29 [INFO] border is disabled for HWND(0x1205da)
08:14:32 [INFO] border is disabled for HWND(0x200bbc)
08:15:02 [INFO] border is disabled for HWND(0x1205da)
08:15:02 [INFO] border is disabled for HWND(0x1205da)
08:15:07 [INFO] border is disabled for HWND(0x1205da)
08:17:44 [INFO] border is disabled for HWND(0x60e80)
08:17:48 [INFO] border is disabled for HWND(0x100ea0)
08:17:53 [INFO] border is disabled for HWND(0x90e80)
08:18:22 [INFO] border is disabled for HWND(0x1205da)
08:44:17 [INFO] border is disabled for HWND(0x1205da)
08:44:18 [INFO] border is disabled for HWND(0x1205da)
08:44:25 [INFO] border is disabled for HWND(0x1205da)
08:44:26 [INFO] border is disabled for HWND(0x1205da)
08:44:26 [INFO] border is disabled for HWND(0x1205da)
08:45:23 [INFO] border is disabled for HWND(0x1205da)
08:45:25 [INFO] border is disabled for HWND(0x1205da)
08:45:33 [INFO] border is disabled for HWND(0x1205da)
08:45:37 [INFO] border is disabled for HWND(0x1205da)
08:45:38 [INFO] border is disabled for HWND(0x1205da)
08:45:39 [INFO] border is disabled for HWND(0x1205da)
08:45:41 [INFO] border is disabled for HWND(0x1205da)
08:45:54 [INFO] border is disabled for HWND(0x1205da)
08:46:16 [INFO] border is disabled for HWND(0x1205da)
08:46:23 [INFO] border is disabled for HWND(0x1205da)
08:49:11 [ERROR] could not retrieve window process name for HWND(0x821198): could not open process of {hwnd}
08:49:17 [INFO] border is disabled for HWND(0x1205da)
08:49:27 [INFO] border is disabled for HWND(0x1205da)
08:49:28 [INFO] border is disabled for HWND(0x1205da)
08:49:44 [INFO] border is disabled for HWND(0x1205da)
08:49:59 [ERROR] could not retrieve window title for HWND(0x10146): WIN32_ERROR(5)
08:56:18 [INFO] border is disabled for HWND(0x1205da)
08:56:36 [INFO] border is disabled for HWND(0x1205da)
08:56:37 [INFO] border is disabled for HWND(0x1205da)
08:56:49 [INFO] border is disabled for HWND(0x1205da)
08:56:52 [INFO] border is disabled for HWND(0x1205da)
08:57:10 [INFO] border is disabled for HWND(0x1205da)
08:57:19 [INFO] border is disabled for HWND(0x1205da)
08:57:26 [INFO] border is disabled for HWND(0x1205da)
08:58:40 [ERROR] could not set window position for HWND(0x2c104c): Access is denied. (0x80070005)
08:58:40 [ERROR] could not set window position for HWND(0x2c104c): Access is denied. (0x80070005)
08:59:07 [INFO] border is disabled for HWND(0x1205da)
08:59:12 [INFO] border is disabled for HWND(0x1205da)
08:59:15 [INFO] border is disabled for HWND(0x1205da)
08:59:23 [INFO] border is disabled for HWND(0x3310f8)
08:59:39 [INFO] border is disabled for HWND(0x870aaa)
08:59:45 [INFO] border is disabled for HWND(0x1205da)
08:59:55 [INFO] border is disabled for HWND(0x1205da)
09:00:23 [ERROR] could not retrieve window title for HWND(0x20400): WIN32_ERROR(1008)
09:01:31 [ERROR] could not retrieve window process name for HWND(0xd0e4c): could not open process of {hwnd}
09:01:35 [ERROR] could not retrieve window process name for HWND(0x100e4c): could not open process of {hwnd}
09:01:35 [ERROR] could not retrieve window title for HWND(0x1e0898): WIN32_ERROR(5)
09:01:36 [ERROR] could not retrieve window process name for HWND(0x100f6e): could not open process of {hwnd}
09:01:38 [ERROR] could not retrieve window process name for HWND(0x120f6e): could not open process of {hwnd}
09:01:39 [ERROR] could not retrieve window title for HWND(0x1407b8): WIN32_ERROR(5)
09:02:01 [INFO] border is disabled for HWND(0x50d84)
09:02:04 [INFO] border is disabled for HWND(0x3308b2)
09:02:29 [INFO] border is disabled for HWND(0x3b0254)
09:02:37 [INFO] border is disabled for HWND(0x3508b2)
09:02:58 [INFO] border is disabled for HWND(0x30150)
09:02:59 [INFO] border is disabled for HWND(0x40150)
09:03:08 [INFO] border is disabled for HWND(0xd0fd2)
09:03:28 [INFO] border is disabled for HWND(0x1b0e70)
09:03:36 [INFO] border is disabled for HWND(0x3c0a72)
09:03:37 [INFO] border is disabled for HWND(0xc0fb2)
09:04:35 [ERROR] could not retrieve window title for HWND(0x70216): WIN32_ERROR(1008)
09:04:36 [ERROR] could not set window position for HWND(0x1b103c): Access is denied. (0x80070005)
09:04:36 [ERROR] could not set window position for HWND(0x1b103c): Access is denied. (0x80070005)
09:04:37 [INFO] border is disabled for HWND(0x3e0a72)
09:05:06 [INFO] border is disabled for HWND(0xf03be)
09:05:13 [INFO] border is disabled for HWND(0x1c03be)
09:05:21 [INFO] border is disabled for HWND(0xd0774)
09:07:05 [INFO] starting tacky-borders
09:07:46 [ERROR] could not retrieve window title for HWND(0x30604): WIN32_ERROR(1008)
09:10:52 [INFO] border is disabled for HWND(0x2065a)
09:10:55 [INFO] border is disabled for HWND(0x2065a)
09:11:30 [INFO] border is disabled for HWND(0x30862)
09:15:04 [ERROR] could not set window position for HWND(0x910324): Access is denied. (0x80070005)
09:15:04 [ERROR] could not set window position for HWND(0x910324): Access is denied. (0x80070005)
09:15:39 [ERROR] could not retrieve window process name for HWND(0x7075c): could not open process of {hwnd}
09:15:40 [ERROR] could not set window position for HWND(0x7075c): Access is denied. (0x80070005)
09:15:40 [ERROR] could not set window position for HWND(0x7075c): Access is denied. (0x80070005)
09:15:40 [ERROR] could not retrieve window title for HWND(0x301b2): WIN32_ERROR(5)
09:16:19 [ERROR] could not set window position for HWND(0x40a50): Access is denied. (0x80070005)
09:16:19 [ERROR] could not set window position for HWND(0x40a50): Access is denied. (0x80070005)
09:20:16 [INFO] starting tacky-borders
09:20:16 [INFO] border is disabled for HWND(0x30a7c)
09:20:20 [INFO] border is disabled for HWND(0x40aa6)
09:22:08 [INFO] border is disabled for HWND(0x30a7c)
09:22:08 [INFO] border is disabled for HWND(0x40aa6)
09:22:37 [INFO] border is disabled for HWND(0x902ee)
09:22:40 [INFO] border is disabled for HWND(0x80906)
09:22:40 [INFO] border is disabled for HWND(0x609c0)
09:22:41 [INFO] border is disabled for HWND(0x80906)
09:22:41 [INFO] border is disabled for HWND(0x609c0)
09:22:42 [INFO] border is disabled for HWND(0x80906)
09:22:42 [INFO] border is disabled for HWND(0x609c0)
09:22:56 [INFO] border is disabled for HWND(0x80906)
09:22:56 [INFO] border is disabled for HWND(0x609c0)
09:23:03 [INFO] border is disabled for HWND(0x80906)
09:23:03 [INFO] border is disabled for HWND(0x609c0)
09:23:05 [INFO] border is disabled for HWND(0x80906)
09:23:05 [INFO] border is disabled for HWND(0x609c0)
09:23:06 [INFO] border is disabled for HWND(0x609c0)
09:23:07 [INFO] border is disabled for HWND(0x80906)
09:23:07 [INFO] border is disabled for HWND(0x609c0)
09:23:10 [INFO] border is disabled for HWND(0x80906)
09:23:10 [INFO] border is disabled for HWND(0x609c0)
09:23:17 [INFO] border is disabled for HWND(0x80906)
09:23:22 [INFO] border is disabled for HWND(0x80906)
09:23:22 [INFO] border is disabled for HWND(0x609c0)
09:23:31 [INFO] border is disabled for HWND(0x80906)
09:24:31 [INFO] border is disabled for HWND(0x80906)
09:24:32 [INFO] border is disabled for HWND(0x80906)
09:24:32 [INFO] border is disabled for HWND(0x80906)
09:24:33 [INFO] border is disabled for HWND(0x80906)
09:24:33 [INFO] border is disabled for HWND(0xa09c0)
09:24:34 [INFO] border is disabled for HWND(0xa09c0)
09:24:56 [INFO] border is disabled for HWND(0x80a98)
09:24:59 [INFO] border is disabled for HWND(0x7050e)
09:25:00 [INFO] border is disabled for HWND(0x7050e)
09:25:01 [INFO] border is disabled for HWND(0x7050e)
09:25:01 [INFO] border is disabled for HWND(0xb039a)
09:25:05 [INFO] border is disabled for HWND(0x7050e)
09:25:05 [INFO] border is disabled for HWND(0xb039a)
09:25:10 [INFO] border is disabled for HWND(0x7050e)
09:25:10 [INFO] border is disabled for HWND(0xb039a)
09:26:01 [INFO] border is disabled for HWND(0x7050e)
09:26:01 [INFO] border is disabled for HWND(0xb039a)
09:26:01 [INFO] border is disabled for HWND(0x7050e)
09:26:01 [INFO] border is disabled for HWND(0xb039a)
09:26:13 [INFO] border is disabled for HWND(0x80a98)
09:26:15 [INFO] border is disabled for HWND(0x80a98)
09:26:15 [INFO] border is disabled for HWND(0x80a98)
09:26:19 [INFO] border is disabled for HWND(0x80a98)
09:26:19 [INFO] border is disabled for HWND(0x80a98)
09:26:19 [INFO] border is disabled for HWND(0x80a98)
09:26:19 [INFO] border is disabled for HWND(0x80a98)
09:26:36 [INFO] border is disabled for HWND(0x80a98)
09:26:38 [INFO] border is disabled for HWND(0xc0926)
09:26:42 [INFO] border is disabled for HWND(0xc0926)
09:28:34 [INFO] border is disabled for HWND(0x130110)
09:28:40 [INFO] border is disabled for HWND(0x7050e)
09:28:40 [INFO] border is disabled for HWND(0xb039a)
09:28:47 [INFO] border is disabled for HWND(0x130110)
09:28:57 [INFO] border is disabled for HWND(0x7050e)
09:28:57 [INFO] border is disabled for HWND(0xb039a)
09:28:58 [INFO] border is disabled for HWND(0x7050e)
09:28:58 [INFO] border is disabled for HWND(0xb039a)
09:29:22 [INFO] border is disabled for HWND(0x80a98)
09:29:22 [INFO] border is disabled for HWND(0x80a98)
09:29:24 [INFO] border is disabled for HWND(0x80a98)
09:29:36 [INFO] border is disabled for HWND(0x80a98)
09:30:11 [INFO] border is disabled for HWND(0x80a98)
09:30:11 [INFO] border is disabled for HWND(0x80a98)
09:30:11 [INFO] border is disabled for HWND(0x80a98)
09:30:18 [INFO] border is disabled for HWND(0x7050e)
09:30:18 [INFO] border is disabled for HWND(0xb039a)
09:30:20 [INFO] border is disabled for HWND(0x80a98)
09:30:20 [INFO] border is disabled for HWND(0x80a98)
09:30:23 [INFO] border is disabled for HWND(0x7050e)
09:30:23 [INFO] border is disabled for HWND(0xb039a)
09:30:33 [INFO] border is disabled for HWND(0x7050e)
09:30:33 [INFO] border is disabled for HWND(0xb039a)
09:32:35 [INFO] border is disabled for HWND(0x7050e)
09:32:35 [INFO] border is disabled for HWND(0xb039a)
09:32:38 [INFO] border is disabled for HWND(0x7050e)
09:32:38 [INFO] border is disabled for HWND(0xb039a)
09:32:41 [INFO] border is disabled for HWND(0x7050e)
09:32:41 [INFO] border is disabled for HWND(0xb039a)
09:32:45 [INFO] border is disabled for HWND(0x7050e)
09:32:45 [INFO] border is disabled for HWND(0xb039a)
09:34:22 [INFO] border is disabled for HWND(0x7050e)
09:34:22 [INFO] border is disabled for HWND(0xb039a)
09:34:26 [INFO] border is disabled for HWND(0x7050e)
09:34:26 [INFO] border is disabled for HWND(0xb039a)
09:34:34 [INFO] border is disabled for HWND(0x7050e)
09:34:34 [INFO] border is disabled for HWND(0xb039a)
09:36:18 [INFO] border is disabled for HWND(0x7050e)
09:36:18 [INFO] border is disabled for HWND(0xb039a)
09:36:26 [INFO] border is disabled for HWND(0x7050e)
09:36:26 [INFO] border is disabled for HWND(0xb039a)
09:36:26 [INFO] border is disabled for HWND(0x7050e)
09:36:26 [INFO] border is disabled for HWND(0xb039a)
09:36:30 [INFO] border is disabled for HWND(0x7050e)
09:36:30 [INFO] border is disabled for HWND(0xb039a)
09:36:32 [INFO] border is disabled for HWND(0x130110)
09:36:33 [INFO] border is disabled for HWND(0x130110)
09:36:44 [INFO] border is disabled for HWND(0x80a98)
09:36:56 [INFO] border is disabled for HWND(0x80a98)
09:36:56 [INFO] border is disabled for HWND(0x7050e)
09:36:56 [INFO] border is disabled for HWND(0xb039a)
09:37:32 [INFO] border is disabled for HWND(0x130110)
09:37:32 [INFO] border is disabled for HWND(0x130110)
09:37:33 [INFO] border is disabled for HWND(0x130110)
09:37:42 [INFO] border is disabled for HWND(0x130110)
09:37:43 [INFO] border is disabled for HWND(0x130110)
09:37:49 [INFO] border is disabled for HWND(0x130110)
09:37:49 [INFO] border is disabled for HWND(0x130110)
09:37:50 [INFO] border is disabled for HWND(0x130110)
09:37:50 [INFO] border is disabled for HWND(0x130110)
09:37:51 [INFO] border is disabled for HWND(0x130110)
09:37:53 [INFO] border is disabled for HWND(0x130110)
09:37:54 [INFO] border is disabled for HWND(0x130110)
09:37:56 [INFO] border is disabled for HWND(0x130110)
09:38:05 [INFO] border is disabled for HWND(0x7050e)
09:38:05 [INFO] border is disabled for HWND(0xb039a)
09:38:06 [INFO] border is disabled for HWND(0x7050e)
09:38:06 [INFO] border is disabled for HWND(0xb039a)
09:38:10 [INFO] border is disabled for HWND(0x7050e)
09:38:10 [INFO] border is disabled for HWND(0xb039a)
09:44:40 [INFO] border is disabled for HWND(0x130110)
09:44:40 [INFO] border is disabled for HWND(0x130110)
09:46:04 [INFO] border is disabled for HWND(0x130110)
09:46:24 [INFO] border is disabled for HWND(0x130110)
09:46:26 [INFO] border is disabled for HWND(0x130110)
09:46:28 [INFO] border is disabled for HWND(0x130110)
09:46:28 [INFO] border is disabled for HWND(0x130110)
09:46:29 [INFO] border is disabled for HWND(0x130110)
09:46:29 [INFO] border is disabled for HWND(0x130110)
09:46:30 [INFO] border is disabled for HWND(0x130110)
09:46:35 [INFO] border is disabled for HWND(0x130110)
09:46:37 [INFO] border is disabled for HWND(0x130110)
09:46:37 [INFO] border is disabled for HWND(0x130110)
09:46:40 [INFO] border is disabled for HWND(0x7050e)
09:46:40 [INFO] border is disabled for HWND(0xb039a)
09:46:46 [INFO] border is disabled for HWND(0x7050e)
09:46:46 [INFO] border is disabled for HWND(0xb039a)
09:46:49 [INFO] border is disabled for HWND(0x80a98)
09:46:49 [ERROR] could not set window position for HWND(0xc0958): Access is denied. (0x80070005)
09:46:49 [ERROR] could not set window position for HWND(0xc0958): Access is denied. (0x80070005)
09:46:54 [INFO] border is disabled for HWND(0x80a98)
09:46:55 [INFO] border is disabled for HWND(0xa00f2)
09:46:56 [INFO] border is disabled for HWND(0xb00f2)
09:46:59 [INFO] border is disabled for HWND(0xc00f2)
09:47:01 [INFO] border is disabled for HWND(0x1d0b52)
09:47:03 [INFO] border is disabled for HWND(0x130110)
09:47:05 [INFO] border is disabled for HWND(0x130054)
09:47:07 [INFO] border is disabled for HWND(0x140054)
09:47:09 [INFO] border is disabled for HWND(0x7050e)
09:47:09 [INFO] border is disabled for HWND(0xb039a)
09:47:11 [INFO] border is disabled for HWND(0x7050e)
09:47:11 [INFO] border is disabled for HWND(0xb039a)
09:47:12 [INFO] border is disabled for HWND(0x7050e)
09:47:12 [INFO] border is disabled for HWND(0xb039a)
09:47:13 [INFO] border is disabled for HWND(0x7050e)
09:47:13 [INFO] border is disabled for HWND(0xb039a)
09:47:15 [INFO] border is disabled for HWND(0x7050e)
09:47:15 [INFO] border is disabled for HWND(0xb039a)
09:47:50 [INFO] border is disabled for HWND(0x200450)
09:47:52 [INFO] border is disabled for HWND(0x200450)
09:47:53 [INFO] border is disabled for HWND(0x200450)
09:49:21 [INFO] border is disabled for HWND(0xc0926)
09:49:38 [INFO] border is disabled for HWND(0x80a98)
09:49:38 [INFO] border is disabled for HWND(0x80a98)
09:49:38 [INFO] border is disabled for HWND(0x80a98)
09:49:38 [INFO] border is disabled for HWND(0x80a98)
09:49:40 [INFO] border is disabled for HWND(0xc0926)
09:49:45 [INFO] border is disabled for HWND(0xc0926)
09:49:47 [INFO] border is disabled for HWND(0x80a98)
09:49:47 [INFO] border is disabled for HWND(0x80a98)
09:49:48 [INFO] border is disabled for HWND(0x80a98)
09:49:48 [INFO] border is disabled for HWND(0x80a98)
09:49:49 [INFO] border is disabled for HWND(0xc0926)
09:49:57 [INFO] border is disabled for HWND(0x80a98)
09:49:57 [INFO] border is disabled for HWND(0x80a98)
09:49:58 [INFO] border is disabled for HWND(0x80a98)
09:49:58 [INFO] border is disabled for HWND(0x80a98)
09:49:59 [INFO] border is disabled for HWND(0xc0926)
09:50:36 [INFO] border is disabled for HWND(0x80a98)
09:50:38 [INFO] border is disabled for HWND(0xc0926)
09:51:38 [INFO] border is disabled for HWND(0xc0926)
09:52:43 [INFO] border is disabled for HWND(0x130110)
09:52:44 [INFO] border is disabled for HWND(0x80a98)
09:52:45 [INFO] border is disabled for HWND(0x130110)
09:52:55 [INFO] border is disabled for HWND(0x80a98)
09:54:10 [INFO] border is disabled for HWND(0x130110)
09:54:15 [INFO] border is disabled for HWND(0x130110)
09:54:31 [INFO] border is disabled for HWND(0x130110)
09:54:36 [INFO] border is disabled for HWND(0x130110)
09:54:39 [INFO] border is disabled for HWND(0x130110)
09:54:43 [INFO] border is disabled for HWND(0x130110)
09:56:14 [INFO] border is disabled for HWND(0x130110)
09:56:15 [INFO] border is disabled for HWND(0x130110)
09:56:17 [INFO] border is disabled for HWND(0x130110)
09:56:19 [INFO] border is disabled for HWND(0x130110)
09:56:31 [INFO] border is disabled for HWND(0x130110)
09:56:32 [INFO] border is disabled for HWND(0x130110)
09:56:32 [INFO] border is disabled for HWND(0x130110)
09:56:33 [INFO] border is disabled for HWND(0x130110)
09:56:35 [INFO] border is disabled for HWND(0x7050e)
09:56:35 [INFO] border is disabled for HWND(0xb039a)
09:59:13 [INFO] border is disabled for HWND(0x130110)
09:59:15 [INFO] border is disabled for HWND(0x130110)
09:59:16 [INFO] border is disabled for HWND(0x130110)
09:59:18 [INFO] border is disabled for HWND(0x130110)
09:59:19 [INFO] border is disabled for HWND(0x130110)
09:59:21 [INFO] border is disabled for HWND(0x130110)
09:59:52 [INFO] border is disabled for HWND(0x130110)
09:59:58 [INFO] border is disabled for HWND(0x130110)
10:00:03 [INFO] border is disabled for HWND(0x130110)
10:00:04 [INFO] border is disabled for HWND(0x130110)
10:00:09 [INFO] border is disabled for HWND(0x130110)
10:00:14 [INFO] border is disabled for HWND(0x130110)
10:00:15 [INFO] border is disabled for HWND(0x130110)
10:00:18 [INFO] border is disabled for HWND(0x130110)
10:00:38 [INFO] border is disabled for HWND(0x130110)
10:00:41 [INFO] border is disabled for HWND(0x130110)
10:00:44 [INFO] border is disabled for HWND(0x130110)
10:00:45 [INFO] border is disabled for HWND(0x130110)
10:00:46 [INFO] border is disabled for HWND(0x130110)
10:00:50 [INFO] border is disabled for HWND(0x130110)
10:00:54 [INFO] border is disabled for HWND(0x130110)
10:00:54 [INFO] border is disabled for HWND(0x130110)
10:01:23 [INFO] border is disabled for HWND(0x130110)
10:02:00 [INFO] border is disabled for HWND(0x130110)
10:02:08 [INFO] border is disabled for HWND(0x130110)
10:02:13 [INFO] border is disabled for HWND(0x130110)
10:02:14 [INFO] border is disabled for HWND(0x130110)
10:02:25 [INFO] border is disabled for HWND(0x130110)
10:02:28 [INFO] border is disabled for HWND(0x130110)
10:02:29 [INFO] border is disabled for HWND(0x130110)
10:02:34 [INFO] border is disabled for HWND(0x130110)
10:02:36 [INFO] border is disabled for HWND(0x130110)
10:02:40 [INFO] border is disabled for HWND(0x130110)
10:02:41 [INFO] border is disabled for HWND(0x130110)
10:02:47 [INFO] border is disabled for HWND(0x130110)
10:02:52 [INFO] border is disabled for HWND(0x130110)
10:02:56 [INFO] border is disabled for HWND(0x130110)
10:03:09 [INFO] border is disabled for HWND(0x130110)
10:03:12 [INFO] border is disabled for HWND(0x130110)
10:03:23 [INFO] border is disabled for HWND(0x130110)
10:03:25 [INFO] border is disabled for HWND(0x130110)
10:03:27 [INFO] border is disabled for HWND(0x130110)
10:03:29 [INFO] border is disabled for HWND(0x130110)
10:03:31 [INFO] border is disabled for HWND(0x7050e)
10:03:31 [INFO] border is disabled for HWND(0xb039a)
10:03:36 [INFO] border is disabled for HWND(0x7050e)
10:03:36 [INFO] border is disabled for HWND(0xb039a)
10:03:37 [INFO] border is disabled for HWND(0x7050e)
10:03:37 [INFO] border is disabled for HWND(0xb039a)
10:05:56 [INFO] border is disabled for HWND(0x130110)
10:05:57 [INFO] border is disabled for HWND(0x130110)
10:06:20 [INFO] border is disabled for HWND(0x130110)
10:06:34 [INFO] border is disabled for HWND(0x130110)
10:06:46 [INFO] border is disabled for HWND(0x130110)
10:06:50 [INFO] border is disabled for HWND(0x130110)
10:06:51 [INFO] border is disabled for HWND(0x130110)
10:06:52 [INFO] border is disabled for HWND(0x130110)
10:06:56 [INFO] border is disabled for HWND(0x130110)
10:06:56 [INFO] border is disabled for HWND(0x130110)
10:07:01 [INFO] border is disabled for HWND(0x130110)
10:07:02 [INFO] border is disabled for HWND(0x130110)
10:07:06 [INFO] border is disabled for HWND(0x130110)
10:07:07 [INFO] border is disabled for HWND(0x130110)
10:07:08 [INFO] border is disabled for HWND(0x130110)
10:07:09 [INFO] border is disabled for HWND(0x130110)
10:07:19 [INFO] border is disabled for HWND(0x130110)
10:07:21 [INFO] border is disabled for HWND(0x130110)
10:07:34 [INFO] border is disabled for HWND(0x130110)
10:07:36 [INFO] border is disabled for HWND(0x130110)
10:07:46 [INFO] border is disabled for HWND(0x130110)
10:07:46 [INFO] border is disabled for HWND(0x130110)
10:08:14 [INFO] border is disabled for HWND(0x80a98)
10:08:25 [INFO] border is disabled for HWND(0x80a98)
10:09:24 [INFO] border is disabled for HWND(0x130110)
10:10:19 [INFO] border is disabled for HWND(0x130110)
10:10:23 [INFO] border is disabled for HWND(0x130110)
10:10:29 [INFO] border is disabled for HWND(0x130110)
10:10:31 [INFO] border is disabled for HWND(0x130110)
10:11:01 [INFO] border is disabled for HWND(0x130110)
10:11:02 [INFO] border is disabled for HWND(0x130110)
10:11:05 [INFO] border is disabled for HWND(0x130110)
10:11:06 [INFO] border is disabled for HWND(0x130110)
10:11:29 [INFO] border is disabled for HWND(0x130110)
10:11:30 [INFO] border is disabled for HWND(0x130110)
10:11:33 [INFO] border is disabled for HWND(0x130110)
10:11:34 [INFO] border is disabled for HWND(0x130110)
10:11:45 [INFO] border is disabled for HWND(0x130110)
10:12:15 [INFO] border is disabled for HWND(0x130110)
10:12:16 [INFO] border is disabled for HWND(0x130110)
10:12:20 [INFO] border is disabled for HWND(0x130110)
10:12:22 [INFO] border is disabled for HWND(0x130110)
10:12:28 [INFO] border is disabled for HWND(0x130110)
10:12:29 [INFO] border is disabled for HWND(0x130110)
10:12:48 [INFO] border is disabled for HWND(0x130110)
10:12:51 [INFO] border is disabled for HWND(0x130110)
10:12:55 [INFO] border is disabled for HWND(0x130110)
10:13:13 [INFO] border is disabled for HWND(0x130110)
10:13:18 [INFO] border is disabled for HWND(0x130110)
10:13:19 [INFO] border is disabled for HWND(0x130110)
10:13:27 [INFO] border is disabled for HWND(0x130110)
10:13:29 [INFO] border is disabled for HWND(0x130110)
10:13:30 [INFO] border is disabled for HWND(0x130110)
10:13:33 [INFO] border is disabled for HWND(0x130110)
10:13:36 [INFO] border is disabled for HWND(0x130110)
10:13:40 [INFO] border is disabled for HWND(0x130110)
10:13:41 [INFO] border is disabled for HWND(0x130110)
10:13:41 [INFO] border is disabled for HWND(0x130110)
10:13:41 [INFO] border is disabled for HWND(0x130110)
10:13:42 [INFO] border is disabled for HWND(0x130110)
10:13:53 [INFO] border is disabled for HWND(0x130110)
10:13:54 [INFO] border is disabled for HWND(0x130110)
10:13:55 [INFO] border is disabled for HWND(0x130110)
10:13:56 [INFO] border is disabled for HWND(0x130110)
10:13:59 [INFO] border is disabled for HWND(0x130110)
10:14:01 [INFO] border is disabled for HWND(0x130110)
10:14:13 [INFO] border is disabled for HWND(0x130110)
10:14:14 [INFO] border is disabled for HWND(0x130110)
10:14:22 [INFO] border is disabled for HWND(0x130110)
10:14:26 [INFO] border is disabled for HWND(0x130110)
10:15:23 [INFO] border is disabled for HWND(0x130110)
10:19:49 [INFO] border is disabled for HWND(0x130110)
10:21:30 [INFO] border is disabled for HWND(0x130110)
10:21:40 [INFO] border is disabled for HWND(0x7050e)
10:21:40 [INFO] border is disabled for HWND(0xb039a)
10:21:41 [INFO] border is disabled for HWND(0x7050e)
10:21:41 [INFO] border is disabled for HWND(0xb039a)
10:26:54 [INFO] border is disabled for HWND(0x7050e)
10:26:54 [INFO] border is disabled for HWND(0xb039a)
10:36:44 [INFO] border is disabled for HWND(0x80a98)
10:36:57 [INFO] border is disabled for HWND(0x80a98)
10:38:04 [INFO] border is disabled for HWND(0x2509b2)
10:39:50 [INFO] border is disabled for HWND(0x130110)
10:39:52 [INFO] border is disabled for HWND(0x130110)
10:54:44 [INFO] border is disabled for HWND(0x80a98)
10:54:58 [INFO] border is disabled for HWND(0x80a98)
11:10:15 [INFO] border is disabled for HWND(0x80a98)
11:10:26 [INFO] border is disabled for HWND(0x80a98)
11:25:45 [INFO] border is disabled for HWND(0x80a98)
11:25:57 [INFO] border is disabled for HWND(0x80a98)
11:31:21 [INFO] border is disabled for HWND(0x7050e)
11:31:21 [INFO] border is disabled for HWND(0xb039a)
11:31:22 [INFO] border is disabled for HWND(0x7050e)
11:31:22 [INFO] border is disabled for HWND(0xb039a)
11:33:20 [INFO] border is disabled for HWND(0x7050e)
11:33:20 [INFO] border is disabled for HWND(0xb039a)
11:33:23 [ERROR] could not set window position for HWND(0xb00ce): Access is denied. (0x80070005)
11:33:23 [ERROR] could not set window position for HWND(0xb00ce): Access is denied. (0x80070005)
11:33:24 [INFO] border is disabled for HWND(0x90b36)
11:33:25 [INFO] border is disabled for HWND(0x1d01b8)
11:33:38 [INFO] border is disabled for HWND(0x80a98)
11:33:38 [INFO] border is disabled for HWND(0x80a98)
11:33:38 [INFO] border is disabled for HWND(0x80a98)
11:33:50 [INFO] border is disabled for HWND(0x7050e)
11:33:50 [INFO] border is disabled for HWND(0xb039a)
11:34:39 [INFO] border is disabled for HWND(0x7050e)
11:34:39 [INFO] border is disabled for HWND(0xb039a)
11:34:40 [INFO] border is disabled for HWND(0x7050e)
11:34:40 [INFO] border is disabled for HWND(0xb039a)
11:36:35 [INFO] border is disabled for HWND(0x7050e)
11:36:35 [INFO] border is disabled for HWND(0xb039a)
11:36:39 [INFO] border is disabled for HWND(0x7050e)
11:36:39 [INFO] border is disabled for HWND(0xb039a)
11:37:57 [INFO] border is disabled for HWND(0x7050e)
11:37:57 [INFO] border is disabled for HWND(0xb039a)
11:38:11 [INFO] border is disabled for HWND(0x7050e)
11:38:11 [INFO] border is disabled for HWND(0xb039a)
11:38:18 [INFO] border is disabled for HWND(0x80a98)
11:38:18 [INFO] border is disabled for HWND(0x80a98)
11:38:18 [INFO] border is disabled for HWND(0x80a98)
11:38:24 [INFO] border is disabled for HWND(0x7050e)
11:38:24 [INFO] border is disabled for HWND(0xb039a)
11:38:27 [INFO] border is disabled for HWND(0x60ea6)
11:38:28 [INFO] border is disabled for HWND(0x20e9e)
11:38:38 [INFO] border is disabled for HWND(0x7050e)
11:38:38 [INFO] border is disabled for HWND(0xb039a)
11:38:40 [INFO] border is disabled for HWND(0x7050e)
11:38:40 [INFO] border is disabled for HWND(0xb039a)
11:38:55 [INFO] border is disabled for HWND(0x7050e)
11:38:55 [INFO] border is disabled for HWND(0xb039a)
11:39:13 [ERROR] could not set window position for HWND(0x2d03d2): Access is denied. (0x80070005)
11:39:13 [ERROR] could not set window position for HWND(0x2d03d2): Access is denied. (0x80070005)
11:39:14 [INFO] border is disabled for HWND(0x608d6)
11:39:16 [INFO] border is disabled for HWND(0x7050e)
11:39:16 [INFO] border is disabled for HWND(0xb039a)
11:39:21 [INFO] border is disabled for HWND(0x7050e)
11:39:21 [INFO] border is disabled for HWND(0xb039a)
11:39:28 [INFO] border is disabled for HWND(0x80a98)
11:39:32 [INFO] border is disabled for HWND(0x80a98)
11:39:43 [INFO] border is disabled for HWND(0x7050e)
11:39:43 [INFO] border is disabled for HWND(0xb039a)
11:39:49 [INFO] border is disabled for HWND(0xe0b96)
11:39:50 [INFO] border is disabled for HWND(0xf0b96)
11:39:58 [INFO] border is disabled for HWND(0x150df0)
11:40:00 [INFO] border is disabled for HWND(0x160df0)
11:40:01 [INFO] border is disabled for HWND(0x170df0)
11:40:02 [INFO] border is disabled for HWND(0x1002c8)
11:40:17 [INFO] border is disabled for HWND(0x7050e)
11:40:17 [INFO] border is disabled for HWND(0xb039a)
11:40:18 [INFO] border is disabled for HWND(0x80a98)
11:40:26 [INFO] border is disabled for HWND(0x50ea4)
11:41:44 [INFO] border is disabled for HWND(0x7050e)
11:41:44 [INFO] border is disabled for HWND(0xb039a)
11:42:41 [INFO] border is disabled for HWND(0x20e88)
11:42:42 [INFO] border is disabled for HWND(0x30e88)
11:43:06 [INFO] border is disabled for HWND(0x7050e)
11:43:06 [INFO] border is disabled for HWND(0xb039a)
11:43:06 [INFO] border is disabled for HWND(0xc0926)
11:43:27 [INFO] border is disabled for HWND(0xa07c2)
11:43:30 [INFO] border is disabled for HWND(0xb07c2)
11:43:37 [INFO] border is disabled for HWND(0x80a98)
11:43:37 [INFO] border is disabled for HWND(0x80a98)
11:43:37 [INFO] border is disabled for HWND(0x80a98)
11:43:38 [INFO] border is disabled for HWND(0x80a98)
11:43:38 [INFO] border is disabled for HWND(0x80a98)
11:43:38 [INFO] border is disabled for HWND(0x80a98)
11:43:43 [INFO] border is disabled for HWND(0x80a98)
11:43:47 [INFO] border is disabled for HWND(0x80a98)
11:43:47 [INFO] border is disabled for HWND(0x80a98)
11:43:48 [INFO] border is disabled for HWND(0x80a98)
11:45:07 [INFO] border is disabled for HWND(0x80a98)
11:45:07 [INFO] border is disabled for HWND(0x80a98)
11:45:07 [INFO] border is disabled for HWND(0x80a98)
11:45:08 [INFO] border is disabled for HWND(0x80a98)
11:45:08 [INFO] border is disabled for HWND(0x80a98)
11:45:08 [INFO] border is disabled for HWND(0x80a98)
11:45:17 [INFO] border is disabled for HWND(0x80a98)
11:45:17 [INFO] border is disabled for HWND(0x80a98)
11:45:59 [INFO] border is disabled for HWND(0x80a98)
11:45:59 [INFO] border is disabled for HWND(0x80a98)
11:45:59 [INFO] border is disabled for HWND(0x80a98)
11:45:59 [INFO] border is disabled for HWND(0x80a98)
11:45:59 [INFO] border is disabled for HWND(0x80a98)
11:45:59 [INFO] border is disabled for HWND(0x80a98)
11:46:08 [INFO] border is disabled for HWND(0x80a98)
11:46:08 [INFO] border is disabled for HWND(0x80a98)
11:46:25 [INFO] border is disabled for HWND(0x80a98)
11:46:25 [INFO] border is disabled for HWND(0x80a98)
11:46:25 [INFO] border is disabled for HWND(0x80a98)
11:46:26 [INFO] border is disabled for HWND(0x80a98)
11:46:26 [INFO] border is disabled for HWND(0x80a98)
11:46:26 [INFO] border is disabled for HWND(0x80a98)
11:46:32 [INFO] border is disabled for HWND(0x80a98)
11:46:32 [INFO] border is disabled for HWND(0x80a98)
11:46:32 [INFO] border is disabled for HWND(0x80a98)
11:46:40 [INFO] border is disabled for HWND(0x80a98)
11:46:40 [INFO] border is disabled for HWND(0x80a98)
11:46:40 [INFO] border is disabled for HWND(0x80a98)
11:46:49 [INFO] border is disabled for HWND(0x80a98)
11:46:49 [INFO] border is disabled for HWND(0x80a98)
11:47:33 [INFO] border is disabled for HWND(0x80a98)
11:47:33 [INFO] border is disabled for HWND(0x80a98)
11:47:33 [INFO] border is disabled for HWND(0x80a98)
11:47:34 [INFO] border is disabled for HWND(0x80a98)
11:47:34 [INFO] border is disabled for HWND(0x80a98)
11:47:34 [INFO] border is disabled for HWND(0x80a98)
11:47:54 [INFO] border is disabled for HWND(0x7050e)
11:47:54 [INFO] border is disabled for HWND(0xb039a)
11:48:01 [INFO] border is disabled for HWND(0x80a98)
11:48:01 [INFO] border is disabled for HWND(0x80a98)
11:48:01 [INFO] border is disabled for HWND(0x80a98)
11:48:01 [INFO] border is disabled for HWND(0x80a98)
11:48:01 [INFO] border is disabled for HWND(0x80a98)
11:48:01 [INFO] border is disabled for HWND(0x80a98)
11:48:10 [INFO] border is disabled for HWND(0x80a98)
11:48:10 [INFO] border is disabled for HWND(0x80a98)
11:48:10 [INFO] border is disabled for HWND(0x80a98)
11:48:11 [INFO] border is disabled for HWND(0x80a98)
11:48:11 [INFO] border is disabled for HWND(0x80a98)
11:48:11 [INFO] border is disabled for HWND(0x80a98)
11:48:15 [INFO] border is disabled for HWND(0x80a98)
11:48:15 [INFO] border is disabled for HWND(0x80a98)
11:48:15 [INFO] border is disabled for HWND(0x80a98)
11:48:16 [INFO] border is disabled for HWND(0x80a98)
11:48:16 [INFO] border is disabled for HWND(0x80a98)
11:48:16 [INFO] border is disabled for HWND(0x80a98)
11:48:20 [INFO] border is disabled for HWND(0x80a98)
11:48:20 [INFO] border is disabled for HWND(0x80a98)
11:48:20 [INFO] border is disabled for HWND(0x80a98)
11:48:21 [INFO] border is disabled for HWND(0x80a98)
11:48:21 [INFO] border is disabled for HWND(0x80a98)
11:48:21 [INFO] border is disabled for HWND(0x80a98)
11:48:27 [INFO] border is disabled for HWND(0x200450)
11:48:30 [INFO] border is disabled for HWND(0x7050e)
11:48:30 [INFO] border is disabled for HWND(0xb039a)
11:48:44 [INFO] border is disabled for HWND(0x80a98)
11:48:45 [INFO] border is disabled for HWND(0x80a98)
11:48:48 [INFO] border is disabled for HWND(0x80a98)
11:51:35 [INFO] border is disabled for HWND(0x80a98)
11:51:39 [INFO] border is disabled for HWND(0x7050e)
11:51:39 [INFO] border is disabled for HWND(0xb039a)
11:51:40 [INFO] border is disabled for HWND(0x7050e)
11:51:40 [INFO] border is disabled for HWND(0xb039a)
11:51:50 [INFO] border is disabled for HWND(0x7050e)
11:51:50 [INFO] border is disabled for HWND(0xb039a)
11:51:51 [INFO] border is disabled for HWND(0x7050e)
11:51:51 [INFO] border is disabled for HWND(0xb039a)
14:17:05 [INFO] starting tacky-borders
14:17:13 [INFO] border is disabled for HWND(0x2012c)
14:22:27 [INFO] border is disabled for HWND(0x2012c)
14:22:27 [INFO] border is disabled for HWND(0x201c0)
14:22:31 [INFO] border is disabled for HWND(0xe075a)
14:22:34 [INFO] border is disabled for HWND(0xf075a)
14:22:35 [INFO] border is disabled for HWND(0x10075a)
14:22:35 [INFO] border is disabled for HWND(0x2012c)
14:22:35 [INFO] border is disabled for HWND(0x201c0)
14:22:36 [INFO] border is disabled for HWND(0x201c0)
14:22:36 [INFO] border is disabled for HWND(0x2012c)
14:22:36 [INFO] border is disabled for HWND(0x201c0)
14:22:38 [INFO] border is disabled for HWND(0x2012c)
14:22:38 [INFO] border is disabled for HWND(0x201c0)
14:22:40 [INFO] border is disabled for HWND(0x2012c)
14:22:40 [INFO] border is disabled for HWND(0x201c0)
14:22:54 [INFO] border is disabled for HWND(0x2012c)
14:22:54 [INFO] border is disabled for HWND(0x201c0)
14:22:54 [INFO] border is disabled for HWND(0x2012c)
14:22:54 [INFO] border is disabled for HWND(0x201c0)
14:22:55 [INFO] border is disabled for HWND(0x201c0)
14:22:55 [INFO] border is disabled for HWND(0x201c0)
14:23:02 [INFO] border is disabled for HWND(0x2012c)
14:23:02 [INFO] border is disabled for HWND(0x201c0)
14:24:02 [INFO] border is disabled for HWND(0x50600)
14:24:08 [INFO] border is disabled for HWND(0x2012c)
14:24:08 [INFO] border is disabled for HWND(0x201c0)
14:24:09 [INFO] border is disabled for HWND(0x201c0)
14:24:14 [INFO] border is disabled for HWND(0x2012c)
14:24:14 [INFO] border is disabled for HWND(0x201c0)
14:24:26 [INFO] border is disabled for HWND(0x150600)
14:24:31 [INFO] border is disabled for HWND(0x40792)
14:24:33 [INFO] border is disabled for HWND(0x2012c)
14:24:33 [INFO] border is disabled for HWND(0x201c0)
14:24:37 [INFO] border is disabled for HWND(0x201c0)
14:24:40 [ERROR] could not set window position for HWND(0x1f07ec): Access is denied. (0x80070005)
14:24:40 [ERROR] could not set window position for HWND(0x1f07ec): Access is denied. (0x80070005)
14:24:54 [INFO] border is disabled for HWND(0x2012c)
14:24:54 [INFO] border is disabled for HWND(0x201c0)
14:25:00 [INFO] border is disabled for HWND(0x13075e)
14:25:10 [INFO] border is disabled for HWND(0xc078a)
14:25:34 [INFO] border is disabled for HWND(0xc078a)
14:25:36 [INFO] border is disabled for HWND(0xc078a)
14:25:36 [INFO] border is disabled for HWND(0xc078a)
14:26:53 [INFO] border is disabled for HWND(0xc078a)
14:29:55 [INFO] border is disabled for HWND(0x2012c)
14:29:55 [INFO] border is disabled for HWND(0x201c0)
14:30:03 [ERROR] could not get window rect for HWND(0x60826): The handle is invalid. (0x80070006)
14:30:21 [INFO] border is disabled for HWND(0x2012c)
14:30:21 [INFO] border is disabled for HWND(0x201c0)
14:30:25 [INFO] border is disabled for HWND(0x609a4)
14:30:25 [INFO] border is disabled for HWND(0x709a4)
14:30:26 [INFO] border is disabled for HWND(0x2012c)
14:30:26 [INFO] border is disabled for HWND(0x201c0)
14:30:28 [INFO] border is disabled for HWND(0x2012c)
14:30:28 [INFO] border is disabled for HWND(0x201c0)
14:30:32 [INFO] border is disabled for HWND(0x2012c)
14:30:32 [INFO] border is disabled for HWND(0x201c0)
14:30:33 [INFO] border is disabled for HWND(0x2012c)
14:30:33 [INFO] border is disabled for HWND(0x201c0)
14:30:37 [INFO] border is disabled for HWND(0x2012c)
14:30:37 [INFO] border is disabled for HWND(0x201c0)
14:32:03 [INFO] border is disabled for HWND(0xc078a)
14:32:07 [INFO] border is disabled for HWND(0x14081e)
14:32:28 [INFO] border is disabled for HWND(0x2012c)
14:32:28 [INFO] border is disabled for HWND(0x201c0)
14:32:41 [INFO] border is disabled for HWND(0x2012c)
14:32:41 [INFO] border is disabled for HWND(0x201c0)
14:32:42 [INFO] border is disabled for HWND(0x2012c)
14:32:42 [INFO] border is disabled for HWND(0x201c0)
14:32:49 [INFO] border is disabled for HWND(0x2012c)
14:34:23 [INFO] border is disabled for HWND(0x2012c)
14:34:23 [INFO] border is disabled for HWND(0x201c0)
14:34:24 [INFO] border is disabled for HWND(0x2012c)
14:34:24 [INFO] border is disabled for HWND(0x201c0)
14:34:27 [INFO] border is disabled for HWND(0x2012c)
14:34:27 [INFO] border is disabled for HWND(0x201c0)
14:34:54 [INFO] border is disabled for HWND(0x2012c)
14:34:54 [INFO] border is disabled for HWND(0x201c0)
14:34:59 [INFO] border is disabled for HWND(0xc078a)
14:34:59 [INFO] border is disabled for HWND(0xc078a)
14:35:00 [INFO] border is disabled for HWND(0xc078a)
14:35:00 [INFO] border is disabled for HWND(0xc078a)
14:35:55 [INFO] border is disabled for HWND(0x2012c)
14:35:55 [INFO] border is disabled for HWND(0x201c0)
14:35:55 [INFO] border is disabled for HWND(0xc078a)
14:35:56 [INFO] border is disabled for HWND(0xc078a)
14:35:57 [INFO] border is disabled for HWND(0xc078a)
14:35:57 [INFO] border is disabled for HWND(0xc078a)
14:35:58 [INFO] border is disabled for HWND(0xc078a)
14:36:00 [INFO] border is disabled for HWND(0xc078a)
14:36:03 [INFO] border is disabled for HWND(0x1f087a)
14:36:10 [INFO] border is disabled for HWND(0x22087a)
14:37:37 [INFO] border is disabled for HWND(0x2012c)
14:37:37 [INFO] border is disabled for HWND(0x201c0)
14:37:43 [INFO] border is disabled for HWND(0x130b16)
14:37:58 [INFO] border is disabled for HWND(0x13096a)
14:38:00 [INFO] border is disabled for HWND(0x15096a)
14:38:07 [INFO] border is disabled for HWND(0x18096a)
14:38:15 [INFO] border is disabled for HWND(0x1e0a26)
14:38:18 [INFO] border is disabled for HWND(0x1f0a26)
14:38:20 [INFO] border is disabled for HWND(0x2012c)
14:38:20 [INFO] border is disabled for HWND(0x201c0)
14:38:20 [INFO] border is disabled for HWND(0x201c0)
14:38:22 [INFO] border is disabled for HWND(0x201c0)
14:38:22 [INFO] border is disabled for HWND(0x201c0)
14:38:25 [INFO] border is disabled for HWND(0x2012c)
14:38:25 [INFO] border is disabled for HWND(0x201c0)
14:38:47 [INFO] border is disabled for HWND(0xc078a)
14:38:49 [INFO] border is disabled for HWND(0xc078a)
14:38:49 [INFO] border is disabled for HWND(0xc078a)
14:39:22 [INFO] border is disabled for HWND(0x2012c)
14:39:22 [INFO] border is disabled for HWND(0x201c0)
14:39:23 [INFO] border is disabled for HWND(0x2012c)
14:39:23 [INFO] border is disabled for HWND(0x201c0)
14:39:23 [INFO] border is disabled for HWND(0x2012c)
14:39:23 [INFO] border is disabled for HWND(0x201c0)
14:39:24 [INFO] border is disabled for HWND(0x2012c)
14:39:24 [INFO] border is disabled for HWND(0x201c0)
14:39:26 [INFO] border is disabled for HWND(0x2012c)
14:39:26 [INFO] border is disabled for HWND(0x201c0)
14:39:26 [INFO] border is disabled for HWND(0x201c0)
14:39:28 [INFO] border is disabled for HWND(0x201c0)
14:39:29 [INFO] border is disabled for HWND(0x201c0)
14:40:42 [INFO] border is disabled for HWND(0x2012c)
14:40:42 [INFO] border is disabled for HWND(0x201c0)
14:41:28 [INFO] border is disabled for HWND(0x80830)
14:41:33 [INFO] border is disabled for HWND(0xc078a)
14:41:34 [INFO] border is disabled for HWND(0x60872)
14:42:03 [INFO] border is disabled for HWND(0x2012c)
14:42:03 [INFO] border is disabled for HWND(0x201c0)
14:42:04 [INFO] border is disabled for HWND(0x201c0)
14:42:04 [INFO] border is disabled for HWND(0x201c0)
14:42:07 [INFO] border is disabled for HWND(0x2012c)
14:42:07 [INFO] border is disabled for HWND(0x201c0)
14:42:08 [INFO] border is disabled for HWND(0x201c0)
14:42:08 [INFO] border is disabled for HWND(0x201c0)
14:42:09 [INFO] border is disabled for HWND(0x201c0)
14:42:09 [INFO] border is disabled for HWND(0x201c0)
14:42:10 [INFO] border is disabled for HWND(0x2012c)
14:42:10 [INFO] border is disabled for HWND(0x201c0)
14:42:10 [INFO] border is disabled for HWND(0x201c0)
14:42:11 [INFO] border is disabled for HWND(0x201c0)
14:42:11 [INFO] border is disabled for HWND(0x201c0)
14:42:12 [INFO] border is disabled for HWND(0x201c0)
14:42:12 [INFO] border is disabled for HWND(0x201c0)
14:42:12 [INFO] border is disabled for HWND(0x201c0)
14:42:12 [INFO] border is disabled for HWND(0x201c0)
14:42:13 [INFO] border is disabled for HWND(0x201c0)
14:42:13 [INFO] border is disabled for HWND(0x2012c)
14:42:13 [INFO] border is disabled for HWND(0x201c0)
14:42:14 [INFO] border is disabled for HWND(0x201c0)
14:42:14 [INFO] border is disabled for HWND(0x201c0)
14:42:14 [INFO] border is disabled for HWND(0x201c0)
14:42:15 [INFO] border is disabled for HWND(0x201c0)
14:42:15 [INFO] border is disabled for HWND(0x201c0)
14:42:15 [INFO] border is disabled for HWND(0x2012c)
14:42:15 [INFO] border is disabled for HWND(0x201c0)
14:42:16 [INFO] border is disabled for HWND(0x201c0)
14:42:19 [INFO] border is disabled for HWND(0x201c0)
14:42:19 [INFO] border is disabled for HWND(0x2012c)
14:42:19 [INFO] border is disabled for HWND(0x201c0)
14:42:19 [INFO] border is disabled for HWND(0x201c0)
14:42:19 [INFO] border is disabled for HWND(0x201c0)
14:42:19 [INFO] border is disabled for HWND(0x2012c)
14:42:19 [INFO] border is disabled for HWND(0x201c0)
14:42:19 [INFO] border is disabled for HWND(0x201c0)
14:42:19 [INFO] border is disabled for HWND(0x201c0)
17:29:48 [INFO] starting tacky-borders
17:30:02 [INFO] border is disabled for HWND(0x10154)
17:33:15 [INFO] border is disabled for HWND(0xf07f0)
17:34:31 [INFO] border is disabled for HWND(0xf07f0)
17:37:57 [INFO] border is disabled for HWND(0x10154)
17:38:44 [INFO] border is disabled for HWND(0x10154)
17:38:44 [INFO] border is disabled for HWND(0x201b0)
18:16:58 [INFO] border is disabled for HWND(0x10154)
18:16:58 [INFO] border is disabled for HWND(0x201b0)
18:16:59 [INFO] border is disabled for HWND(0x201b0)
18:16:59 [INFO] border is disabled for HWND(0x10154)
18:16:59 [INFO] border is disabled for HWND(0x201b0)
18:17:00 [INFO] border is disabled for HWND(0x201b0)
18:17:01 [INFO] border is disabled for HWND(0x10154)
18:17:01 [INFO] border is disabled for HWND(0x201b0)
18:17:31 [INFO] border is disabled for HWND(0x40718)
18:17:32 [INFO] border is disabled for HWND(0x40718)
18:17:32 [INFO] border is disabled for HWND(0x10154)
18:17:32 [INFO] border is disabled for HWND(0x201b0)
18:17:36 [INFO] border is disabled for HWND(0x10822)
18:38:11 [INFO] border is disabled for HWND(0x10154)
18:38:11 [INFO] border is disabled for HWND(0x102ae)
18:38:14 [INFO] border is disabled for HWND(0x10154)
18:38:14 [INFO] border is disabled for HWND(0x201b0)
18:38:16 [INFO] border is disabled for HWND(0x2706b0)
18:38:19 [INFO] border is disabled for HWND(0x2806b0)
18:38:20 [INFO] border is disabled for HWND(0x2906b0)
18:38:22 [INFO] border is disabled for HWND(0x2b06b0)
18:38:27 [INFO] border is disabled for HWND(0x10154)
18:38:27 [INFO] border is disabled for HWND(0x201b0)
18:38:28 [INFO] border is disabled for HWND(0x201b0)
18:38:41 [INFO] border is disabled for HWND(0x10154)
18:38:41 [INFO] border is disabled for HWND(0x201b0)
18:38:41 [INFO] border is disabled for HWND(0x201b0)
18:38:42 [INFO] border is disabled for HWND(0x10154)
18:38:42 [INFO] border is disabled for HWND(0x201b0)
18:38:44 [INFO] border is disabled for HWND(0x40718)
18:38:45 [INFO] border is disabled for HWND(0x40718)
18:39:18 [INFO] border is disabled for HWND(0x10154)
18:39:18 [INFO] border is disabled for HWND(0x201b0)
18:39:23 [INFO] border is disabled for HWND(0x201b0)
18:39:24 [INFO] border is disabled for HWND(0x10154)
18:39:24 [INFO] border is disabled for HWND(0x201b0)
18:42:24 [INFO] border is disabled for HWND(0x10154)
18:42:24 [INFO] border is disabled for HWND(0x201b0)
20:43:07 [INFO] border is disabled for HWND(0x10154)
20:43:07 [INFO] border is disabled for HWND(0x201b0)
20:43:07 [INFO] border is disabled for HWND(0x201b0)
20:43:08 [INFO] border is disabled for HWND(0x201b0)
20:43:08 [INFO] border is disabled for HWND(0x201b0)
20:43:13 [INFO] border is disabled for HWND(0x10154)
20:43:13 [INFO] border is disabled for HWND(0xf0852)
20:43:15 [INFO] border is disabled for HWND(0x10154)
20:43:15 [INFO] border is disabled for HWND(0xf0852)
20:43:28 [INFO] border is disabled for HWND(0x14081c)
20:43:33 [INFO] border is disabled for HWND(0x201b0)
20:43:34 [INFO] border is disabled for HWND(0x201b0)
20:43:37 [INFO] border is disabled for HWND(0x201b0)
20:43:55 [INFO] border is disabled for HWND(0x10154)
20:43:55 [INFO] border is disabled for HWND(0x201b0)
20:43:56 [INFO] border is disabled for HWND(0x201b0)
20:43:57 [INFO] border is disabled for HWND(0x10154)
20:43:57 [INFO] border is disabled for HWND(0x201b0)
20:44:01 [INFO] border is disabled for HWND(0x203fa)
20:44:01 [INFO] border is disabled for HWND(0x203fa)
20:44:01 [INFO] border is disabled for HWND(0x203fa)
20:44:01 [INFO] border is disabled for HWND(0x203fa)
20:44:01 [INFO] border is disabled for HWND(0x203fa)
20:44:03 [INFO] border is disabled for HWND(0x203fa)
20:44:03 [INFO] border is disabled for HWND(0x203fa)
20:44:03 [INFO] border is disabled for HWND(0x203fa)
20:44:03 [INFO] border is disabled for HWND(0x203fa)
20:44:03 [INFO] border is disabled for HWND(0x203fa)
20:44:03 [INFO] border is disabled for HWND(0x203fa)
20:44:04 [INFO] border is disabled for HWND(0x203fa)
20:44:04 [INFO] border is disabled for HWND(0x203fa)
20:44:05 [INFO] border is disabled for HWND(0x301cc)
20:44:05 [INFO] border is disabled for HWND(0x301cc)
20:44:06 [INFO] border is disabled for HWND(0x301cc)
20:44:07 [INFO] border is disabled for HWND(0x301cc)
20:44:07 [INFO] border is disabled for HWND(0x301cc)
20:44:08 [INFO] border is disabled for HWND(0x301cc)
20:44:09 [INFO] border is disabled for HWND(0x301cc)
20:44:09 [INFO] border is disabled for HWND(0x301cc)
20:44:10 [INFO] border is disabled for HWND(0x301cc)
20:44:13 [INFO] border is disabled for HWND(0x301cc)
20:44:14 [INFO] border is disabled for HWND(0x301cc)
20:44:16 [INFO] border is disabled for HWND(0x301cc)
20:44:25 [INFO] border is disabled for HWND(0x203fa)
20:44:25 [INFO] border is disabled for HWND(0x203fa)
20:44:29 [INFO] border is disabled for HWND(0x30244)
20:44:29 [INFO] border is disabled for HWND(0x30244)
20:44:29 [INFO] border is disabled for HWND(0x403dc)
20:44:30 [INFO] border is disabled for HWND(0x403dc)
20:44:30 [INFO] border is disabled for HWND(0x403dc)
20:44:31 [INFO] border is disabled for HWND(0x403dc)
20:44:31 [INFO] border is disabled for HWND(0x403dc)
20:44:32 [INFO] border is disabled for HWND(0x403dc)
20:44:32 [INFO] border is disabled for HWND(0x403dc)
20:44:32 [INFO] border is disabled for HWND(0x403dc)
20:47:31 [INFO] border is disabled for HWND(0x30244)
20:47:31 [INFO] border is disabled for HWND(0x403dc)
20:52:46 [INFO] border is disabled for HWND(0x30244)
20:52:46 [INFO] border is disabled for HWND(0x403dc)
20:52:46 [INFO] border is disabled for HWND(0x403dc)
20:52:46 [INFO] border is disabled for HWND(0x403dc)
20:52:47 [INFO] border is disabled for HWND(0x30244)
20:52:47 [INFO] border is disabled for HWND(0x403dc)
20:52:47 [INFO] border is disabled for HWND(0x403dc)
20:52:48 [INFO] border is disabled for HWND(0x403dc)
20:52:48 [INFO] border is disabled for HWND(0x403dc)
20:56:44 [INFO] border is disabled for HWND(0x410836)
20:58:32 [INFO] border is disabled for HWND(0x30244)
20:58:32 [INFO] border is disabled for HWND(0x403dc)
20:58:32 [INFO] border is disabled for HWND(0x308f4)
20:58:34 [INFO] border is disabled for HWND(0x308f4)
20:58:34 [INFO] border is disabled for HWND(0x30244)
20:58:34 [INFO] border is disabled for HWND(0x403dc)
20:58:41 [ERROR] could not get window rect for HWND(0x2086e): The handle is invalid. (0x80070006)
20:58:45 [INFO] border is disabled for HWND(0x30244)
20:58:45 [INFO] border is disabled for HWND(0x403dc)
20:58:52 [INFO] border is disabled for HWND(0x30244)
20:58:52 [INFO] border is disabled for HWND(0x403dc)
20:59:15 [INFO] border is disabled for HWND(0x30244)
20:59:15 [INFO] border is disabled for HWND(0x403dc)
20:59:15 [INFO] border is disabled for HWND(0x403dc)
20:59:16 [INFO] border is disabled for HWND(0x403dc)
20:59:16 [INFO] border is disabled for HWND(0x403dc)
20:59:17 [INFO] border is disabled for HWND(0x403dc)
20:59:18 [INFO] border is disabled for HWND(0x30244)
20:59:18 [INFO] border is disabled for HWND(0x403dc)
20:59:19 [INFO] border is disabled for HWND(0x30244)
20:59:19 [INFO] border is disabled for HWND(0x403dc)
20:59:19 [INFO] border is disabled for HWND(0x403dc)
20:59:20 [INFO] border is disabled for HWND(0x30244)
20:59:20 [INFO] border is disabled for HWND(0x403dc)
20:59:20 [INFO] border is disabled for HWND(0x403dc)
20:59:21 [INFO] border is disabled for HWND(0x30244)
20:59:21 [INFO] border is disabled for HWND(0x403dc)
20:59:22 [INFO] border is disabled for HWND(0x403dc)
20:59:22 [INFO] border is disabled for HWND(0x403dc)
20:59:23 [INFO] border is disabled for HWND(0x403dc)
20:59:24 [INFO] border is disabled for HWND(0x30244)
20:59:24 [INFO] border is disabled for HWND(0x403dc)
20:59:24 [INFO] border is disabled for HWND(0x30244)
20:59:24 [INFO] border is disabled for HWND(0x403dc)
20:59:24 [INFO] border is disabled for HWND(0x403dc)
20:59:25 [INFO] border is disabled for HWND(0x403dc)
20:59:26 [INFO] border is disabled for HWND(0x30244)
20:59:26 [INFO] border is disabled for HWND(0x403dc)
20:59:27 [INFO] border is disabled for HWND(0x403dc)
20:59:30 [INFO] border is disabled for HWND(0x308f4)
20:59:39 [INFO] border is disabled for HWND(0x30244)
20:59:39 [INFO] border is disabled for HWND(0x403dc)
20:59:59 [INFO] border is disabled for HWND(0x308f4)
21:00:56 [INFO] border is disabled for HWND(0x30244)
21:00:58 [INFO] border is disabled for HWND(0x30244)
21:00:59 [INFO] border is disabled for HWND(0x30244)
21:01:08 [INFO] border is disabled for HWND(0x30244)
21:01:08 [INFO] border is disabled for HWND(0x403dc)
21:02:17 [INFO] border is disabled for HWND(0x807f4)
21:02:18 [INFO] border is disabled for HWND(0x907f4)
21:03:49 [INFO] border is disabled for HWND(0x30244)
21:03:49 [INFO] border is disabled for HWND(0xa01ec)
21:04:19 [INFO] border is disabled for HWND(0x30244)
21:04:22 [INFO] border is disabled for HWND(0x30244)
21:04:26 [INFO] border is disabled for HWND(0x30244)
21:04:27 [INFO] border is disabled for HWND(0x30244)
21:04:27 [INFO] border is disabled for HWND(0x30244)
21:04:27 [INFO] border is disabled for HWND(0x30244)
21:04:28 [INFO] border is disabled for HWND(0x30244)
21:04:28 [INFO] border is disabled for HWND(0x30244)
21:04:29 [INFO] border is disabled for HWND(0x30244)
21:05:43 [INFO] border is disabled for HWND(0x30244)
21:05:43 [INFO] border is disabled for HWND(0x403dc)
21:05:43 [INFO] border is disabled for HWND(0x30244)
21:05:43 [INFO] border is disabled for HWND(0x403dc)
21:05:44 [INFO] border is disabled for HWND(0x403dc)
21:06:23 [INFO] border is disabled for HWND(0x30244)
21:06:26 [INFO] border is disabled for HWND(0x30244)
21:06:27 [INFO] border is disabled for HWND(0x30244)
21:06:28 [INFO] border is disabled for HWND(0x30244)
21:06:32 [INFO] border is disabled for HWND(0x30244)
21:06:32 [INFO] border is disabled for HWND(0x403dc)
21:06:43 [INFO] border is disabled for HWND(0x30244)
21:06:43 [INFO] border is disabled for HWND(0x403dc)
21:06:50 [INFO] border is disabled for HWND(0x30244)
21:06:50 [INFO] border is disabled for HWND(0x403dc)
21:07:06 [INFO] border is disabled for HWND(0x30244)
21:07:10 [INFO] border is disabled for HWND(0x30244)
21:07:11 [INFO] border is disabled for HWND(0x30244)
21:07:11 [INFO] border is disabled for HWND(0x403dc)
21:07:12 [INFO] border is disabled for HWND(0x30244)
21:07:12 [INFO] border is disabled for HWND(0x403dc)
21:07:19 [INFO] border is disabled for HWND(0x30244)
21:07:19 [INFO] border is disabled for HWND(0x403dc)
21:07:21 [INFO] border is disabled for HWND(0x403dc)
21:07:22 [INFO] border is disabled for HWND(0x30244)
21:07:22 [INFO] border is disabled for HWND(0x403dc)
21:07:25 [INFO] border is disabled for HWND(0x30244)
21:07:25 [INFO] border is disabled for HWND(0x403dc)
21:07:30 [INFO] border is disabled for HWND(0x30244)
21:07:30 [INFO] border is disabled for HWND(0x403dc)
21:07:34 [INFO] border is disabled for HWND(0x30244)
21:07:34 [INFO] border is disabled for HWND(0x403dc)
21:08:28 [INFO] border is disabled for HWND(0x30244)
21:08:49 [INFO] border is disabled for HWND(0x60106)
21:08:53 [INFO] border is disabled for HWND(0x80106)
21:08:55 [INFO] border is disabled for HWND(0x90106)
21:09:13 [INFO] border is disabled for HWND(0x30244)
21:09:13 [INFO] border is disabled for HWND(0x403dc)
21:09:14 [INFO] border is disabled for HWND(0x30244)
21:09:14 [INFO] border is disabled for HWND(0x403dc)
21:09:15 [INFO] border is disabled for HWND(0x30244)
21:09:15 [INFO] border is disabled for HWND(0x403dc)
21:09:15 [INFO] border is disabled for HWND(0x403dc)
21:09:21 [INFO] border is disabled for HWND(0x30244)
21:09:21 [INFO] border is disabled for HWND(0x403dc)
21:09:36 [INFO] border is disabled for HWND(0x30244)
21:09:36 [INFO] border is disabled for HWND(0x403dc)
21:10:45 [INFO] border is disabled for HWND(0x30244)
21:10:45 [INFO] border is disabled for HWND(0x403dc)
21:10:55 [INFO] border is disabled for HWND(0x30244)
21:10:55 [INFO] border is disabled for HWND(0x403dc)
21:10:59 [INFO] border is disabled for HWND(0x609ea)
21:11:04 [INFO] border is disabled for HWND(0x706c0)
21:11:05 [INFO] border is disabled for HWND(0x1305bc)
21:11:06 [INFO] border is disabled for HWND(0x290812)
21:11:08 [INFO] border is disabled for HWND(0x901dc)
21:11:10 [INFO] border is disabled for HWND(0x906a4)
21:11:15 [INFO] border is disabled for HWND(0x30244)
21:11:15 [INFO] border is disabled for HWND(0x403dc)
21:11:25 [INFO] border is disabled for HWND(0x1509b6)
21:11:27 [INFO] border is disabled for HWND(0xe0036)
21:11:44 [INFO] border is disabled for HWND(0xf09b8)
21:11:46 [INFO] border is disabled for HWND(0x308f4)
21:11:47 [INFO] border is disabled for HWND(0x308f4)
21:11:48 [INFO] border is disabled for HWND(0x30244)
21:11:49 [INFO] border is disabled for HWND(0x30244)
21:11:51 [INFO] border is disabled for HWND(0x30244)
21:11:59 [INFO] border is disabled for HWND(0x30244)
21:12:02 [INFO] border is disabled for HWND(0x30244)
21:12:05 [INFO] border is disabled for HWND(0x30244)
21:12:11 [INFO] border is disabled for HWND(0x30244)
21:12:12 [INFO] border is disabled for HWND(0x2e02e2)
21:12:13 [INFO] border is disabled for HWND(0x2f02e2)
21:13:00 [INFO] border is disabled for HWND(0x30244)
21:13:01 [INFO] border is disabled for HWND(0x30244)
21:13:03 [INFO] border is disabled for HWND(0x30244)
21:13:34 [INFO] border is disabled for HWND(0x30244)
21:13:47 [INFO] border is disabled for HWND(0x30244)
21:14:09 [INFO] border is disabled for HWND(0x30244)
21:14:30 [INFO] border is disabled for HWND(0x30244)
21:14:32 [INFO] border is disabled for HWND(0x30244)
21:15:03 [INFO] border is disabled for HWND(0x30244)
21:15:10 [INFO] border is disabled for HWND(0x30244)
21:19:28 [INFO] border is disabled for HWND(0x30244)
21:19:31 [INFO] border is disabled for HWND(0x30244)
21:19:31 [INFO] border is disabled for HWND(0x403dc)
21:19:33 [INFO] border is disabled for HWND(0x30244)
21:19:33 [INFO] border is disabled for HWND(0x403dc)
21:19:34 [INFO] border is disabled for HWND(0x30244)
21:19:34 [INFO] border is disabled for HWND(0x403dc)
21:19:45 [INFO] border is disabled for HWND(0x30244)
21:19:56 [INFO] border is disabled for HWND(0x308f4)
21:20:31 [INFO] border is disabled for HWND(0x30244)
21:20:31 [INFO] border is disabled for HWND(0x403dc)
21:21:07 [INFO] border is disabled for HWND(0x30244)
21:21:07 [INFO] border is disabled for HWND(0x403dc)
21:21:18 [INFO] border is disabled for HWND(0x30244)
21:21:18 [INFO] border is disabled for HWND(0x403dc)
21:21:27 [ERROR] could not set window position for HWND(0x3037c): Access is denied. (0x80070005)
21:21:27 [ERROR] could not set window position for HWND(0x3037c): Access is denied. (0x80070005)
21:21:42 [INFO] border is disabled for HWND(0x30244)
21:21:42 [INFO] border is disabled for HWND(0x403dc)
21:21:44 [INFO] border is disabled for HWND(0x30244)
21:21:44 [INFO] border is disabled for HWND(0x403dc)
21:22:30 [INFO] border is disabled for HWND(0x30244)
21:22:30 [INFO] border is disabled for HWND(0x403dc)
21:22:35 [INFO] border is disabled for HWND(0x403dc)
21:22:43 [ERROR] could not get window rect for HWND(0x900c0): The handle is invalid. (0x80070006)
21:23:32 [INFO] border is disabled for HWND(0x30244)
21:23:33 [INFO] border is disabled for HWND(0x30244)
21:25:03 [INFO] border is disabled for HWND(0x30244)
21:25:07 [INFO] border is disabled for HWND(0x30244)
21:25:07 [INFO] border is disabled for HWND(0x403dc)
21:25:15 [INFO] border is disabled for HWND(0x30244)
21:25:15 [INFO] border is disabled for HWND(0x403dc)
21:26:37 [INFO] border is disabled for HWND(0x30244)
22:17:24 [INFO] border is disabled for HWND(0x20c3c)
00:00:33 [INFO] starting tacky-borders
00:00:33 [INFO] border is disabled for HWND(0x30244)
00:00:34 [INFO] border is disabled for HWND(0x403dc)
00:00:59 [INFO] border is disabled for HWND(0x30244)
00:00:59 [INFO] border is disabled for HWND(0x403dc)
00:01:55 [INFO] border is disabled for HWND(0x30244)
00:01:55 [INFO] border is disabled for HWND(0x403dc)
00:01:56 [INFO] border is disabled for HWND(0x403dc)
00:03:41 [INFO] starting tacky-borders
00:03:41 [INFO] border is disabled for HWND(0x10142)
05:55:00 [INFO] border is disabled for HWND(0x10142)
05:55:00 [INFO] border is disabled for HWND(0x10296)
05:55:06 [INFO] border is disabled for HWND(0x10142)
05:55:11 [INFO] border is disabled for HWND(0xc06ce)
05:55:16 [ERROR] could not check for changes in config dir: The I/O operation has been aborted because of either a thread exit or an application request. (0x800703E3)
05:55:16 [INFO] exiting tacky-borders
11:25:02 [INFO] starting tacky-borders
11:25:02 [INFO] border is disabled for HWND(0x10142)
11:25:19 [INFO] border is disabled for HWND(0x30498)
11:25:20 [INFO] border is disabled for HWND(0x30498)
11:25:20 [INFO] border is disabled for HWND(0x30498)
11:25:21 [INFO] border is disabled for HWND(0x30498)
11:25:21 [INFO] border is disabled for HWND(0x30498)
11:25:22 [INFO] border is disabled for HWND(0x30498)
11:25:22 [INFO] border is disabled for HWND(0x10142)
11:25:23 [INFO] border is disabled for HWND(0x10142)
11:25:23 [INFO] border is disabled for HWND(0x10142)
11:25:23 [INFO] border is disabled for HWND(0x10142)
11:25:23 [INFO] border is disabled for HWND(0x10142)
11:25:24 [INFO] border is disabled for HWND(0x10142)
11:25:24 [INFO] border is disabled for HWND(0x10142)
11:26:44 [INFO] border is disabled for HWND(0x10142)
11:26:44 [INFO] border is disabled for HWND(0x201c4)
11:34:05 [INFO] border is disabled for HWND(0x10142)
11:34:05 [INFO] border is disabled for HWND(0x201c4)
11:34:13 [ERROR] could not set window position for HWND(0xd039a): Access is denied. (0x80070005)
11:34:13 [ERROR] could not set window position for HWND(0xd039a): Access is denied. (0x80070005)
11:38:46 [INFO] border is disabled for HWND(0x10142)
11:39:19 [INFO] border is disabled for HWND(0x10142)
11:39:21 [INFO] border is disabled for HWND(0x10142)
11:40:07 [INFO] border is disabled for HWND(0x10142)
11:40:13 [INFO] border is disabled for HWND(0x10142)
11:40:43 [INFO] border is disabled for HWND(0x10142)
11:40:48 [INFO] border is disabled for HWND(0x10142)
11:41:41 [INFO] border is disabled for HWND(0x10142)
11:41:46 [INFO] border is disabled for HWND(0x10142)
11:41:48 [INFO] border is disabled for HWND(0x10142)
11:42:24 [INFO] border is disabled for HWND(0x10142)
11:42:24 [INFO] border is disabled for HWND(0x20292)
11:43:25 [INFO] border is disabled for HWND(0x30498)
11:43:28 [INFO] border is disabled for HWND(0x30498)
11:43:30 [INFO] border is disabled for HWND(0x30498)
11:43:31 [INFO] border is disabled for HWND(0x30498)
11:43:31 [INFO] border is disabled for HWND(0x30498)
11:43:32 [INFO] border is disabled for HWND(0x30498)
11:43:32 [INFO] border is disabled for HWND(0x30498)
11:43:32 [INFO] border is disabled for HWND(0x10142)
11:43:33 [INFO] border is disabled for HWND(0x30498)
11:43:33 [INFO] border is disabled for HWND(0x10142)
11:43:37 [INFO] border is disabled for HWND(0x10142)
11:44:09 [INFO] border is disabled for HWND(0x30498)
11:44:10 [INFO] border is disabled for HWND(0x30498)
11:44:11 [INFO] border is disabled for HWND(0x30498)
11:47:36 [INFO] border is disabled for HWND(0x30498)
11:47:37 [INFO] border is disabled for HWND(0x30498)
11:52:44 [INFO] border is disabled for HWND(0xb0938)
11:54:07 [INFO] border is disabled for HWND(0x10142)
11:54:13 [INFO] border is disabled for HWND(0x10142)
14:30:26 [INFO] border is disabled for HWND(0x10296)
14:30:26 [INFO] border is disabled for HWND(0x10142)
14:31:48 [INFO] border is disabled for HWND(0x10142)
14:31:48 [INFO] border is disabled for HWND(0x201c4)
14:31:49 [INFO] border is disabled for HWND(0x201c4)
14:31:50 [INFO] border is disabled for HWND(0x201c4)
14:53:12 [INFO] border is disabled for HWND(0x10142)
14:53:12 [INFO] border is disabled for HWND(0x10296)
17:14:05 [INFO] border is disabled for HWND(0x10142)
17:14:06 [INFO] border is disabled for HWND(0x10296)
